Running gnss_3d_vels.py...
Processing GNSS data for station 0512...
Plot saved: C:\insar_gnss_data\plots\displacement_plot_0512.png
Processing GNSS data for station 0513...
Plot saved: C:\insar_gnss_data\plots\displacement_plot_0513.png
Processing GNSS data for station buhz...
Plot saved: C:\insar_gnss_data\plots\displacement_plot_buhz.png
Processing GNSS data for station glee...
Plot saved: C:\insar_gnss_data\plots\displacement_plot_glee.png
Parameters saved to C:\insar_gnss_data\parameters.csv

--------------------------------------------------
Running remove_gnss_rotation.py...
Rotation vector saved to C:\insar_gnss_data\rotation_vector_omega.txt
Velocity vector map saved to C:\insar_gnss_data\plots\net_rotation_correction_map.png
Time series plot saved to C:\insar_gnss_data\plots\displacement_plot_0512_NNR_comparison.png
Corrected GNSS file saved to C:\insar_gnss_data\0512_NEU_TIME_no_tide_NNR.txt
Time series plot saved to C:\insar_gnss_data\plots\displacement_plot_0513_NNR_comparison.png
Corrected GNSS file saved to C:\insar_gnss_data\0513_NEU_TIME_no_tide_NNR.txt
Time series plot saved to C:\insar_gnss_data\plots\displacement_plot_buhz_NNR_comparison.png
Corrected GNSS file saved to C:\insar_gnss_data\buhz_NEU_TIME_no_tide_NNR.txt
Time series plot saved to C:\insar_gnss_data\plots\displacement_plot_glee_NNR_comparison.png
Corrected GNSS file saved to C:\insar_gnss_data\glee_NEU_TIME_no_tide_NNR.txt
Net rotation removed and updated parameters saved to C:\insar_gnss_data\parameters.csv
GNSS displacement time series corrected for net rotation.

--------------------------------------------------
Running filter_insar_save_parameters.py...
Saved 902 points for 0512 to C:\insar_gnss_data\INSAR_0512_filtered.csv
Saved 880 points for 0513 to C:\insar_gnss_data\INSAR_0513_filtered.csv
Saved 93 points for buhz to C:\insar_gnss_data\INSAR_buhz_filtered.csv
Saved 42 points for glee to C:\insar_gnss_data\INSAR_glee_filtered.csv

--------------------------------------------------
Running fit_plane_correct_insar.py...
Processing GNSS and InSAR alignment in C:\insar_gnss_data...
LOS magnitude differences added to C:\insar_gnss_data\parameters.csv
Plane coefficients added to C:\insar_gnss_data\parameters.csv
Aligned InSAR data saved to C:\insar_gnss_data\EGMS_L2a_088_0297_IW3_VV_2019_2023_1_A_aligned.csv
Spatial correction plot saved: C:\insar_gnss_data\plots\spatial_correction.png
InSAR alignment completed successfully!

--------------------------------------------------
Running gnss_los_displ.py...
Using NNR-corrected files: True
Using LOS components - East: -0.675553486456824, North: -0.10996553170644616, Up: 0.7290579049092671
Processing station 0512...
LOS values calculated and saved to C:\insar_gnss_data\0512_NEU_TIME_no_tide_NNR_LOS.txt
Processing station 0513...
LOS values calculated and saved to C:\insar_gnss_data\0513_NEU_TIME_no_tide_NNR_LOS.txt
Processing station buhz...
LOS values calculated and saved to C:\insar_gnss_data\buhz_NEU_TIME_no_tide_NNR_LOS.txt
Processing station glee...
LOS values calculated and saved to C:\insar_gnss_data\glee_NEU_TIME_no_tide_NNR_LOS.txt
All stations processed successfully.

--------------------------------------------------
Running plot_combined_time_series.py...
Using NNR-corrected files: True
Using NNR-corrected files: True
Using NNR-corrected files: True
Using NNR-corrected files: True
Using NNR-corrected files: True
Using NNR-corrected files: True
Using NNR-corrected files: True
Using NNR-corrected files: True
Using NNR-corrected files: True
Using NNR-corrected files: True
Using NNR-corrected files: True
Using NNR-corrected files: True
Using NNR-corrected files: True
Using NNR-corrected files: True
Using NNR-corrected files: True
Using NNR-corrected files: True
Using NNR-corrected files: True
Using NNR-corrected files: True
Using NNR-corrected files: True
Using NNR-corrected files: True
Using NNR-corrected files: True
Using NNR-corrected files: True
Using NNR-corrected files: True
Using NNR-corrected files: True
Using NNR-corrected files: True
Using NNR-corrected files: True
Using NNR-corrected files: True
Using NNR-corrected files: True
Using NNR-corrected files: True
Using NNR-corrected files: True
Using NNR-corrected files: True
Using NNR-corrected files: True
Using NNR-corrected files: True
Using NNR-corrected files: True
Using NNR-corrected files: True
Using NNR-corrected files: True
Using NNR-corrected files: True
Loading data for all plots...
Filtering InSAR data by temporal coherence threshold...

=== Generating time series plots ===
Loading InSAR data for time series plots...
Filtering InSAR data by temporal coherence threshold...
Creating time series plots for 4 stations...
Processing batch 1/1 (stations 1-4)
Error creating plot for station 0512: GNSS file C:\insar_gnss_data\0512_NEU_TIME_no_tide_NNR_LOS.txt contains no valid MJD data.
Error creating plot for station 0513: GNSS file C:\insar_gnss_data\0513_NEU_TIME_no_tide_NNR_LOS.txt contains no valid MJD data.
Error creating plot for station buhz: GNSS file C:\insar_gnss_data\buhz_NEU_TIME_no_tide_NNR_LOS.txt contains no valid MJD data.
Error creating plot for station glee: GNSS file C:\insar_gnss_data\glee_NEU_TIME_no_tide_NNR_LOS.txt contains no valid MJD data.
Time series plots completed in 58.81 seconds
Time series plots completed in 59.07 seconds

=== Generating global velocity map ===
Velocity map with correction saved: C:\insar_gnss_data\plots\combined_velocity_map_with_correction.png
Global velocity map completed in 26.81 seconds

=== Generating station velocity maps ===
Creating velocity maps for 4 stations...
Processing batch 1/1 (stations 1-4)
Velocity map saved for station 0512: C:\insar_gnss_data\plots\0512_velocity_map.png
Velocity map saved for station 0513: C:\insar_gnss_data\plots\0513_velocity_map.png
Velocity map saved for station buhz: C:\insar_gnss_data\plots\buhz_velocity_map.png
Velocity map saved for station glee: C:\insar_gnss_data\plots\glee_velocity_map.png
Station velocity maps completed in 19.33 seconds
Station velocity maps completed in 19.33 seconds

All plots were successfully saved in 'C:\insar_gnss_data\plots'
Total execution time: 139.75 seconds (2.33 minutes)

--------------------------------------------------
Running grid_amplitude_analysis.py...
Processing grid size: 0.25 km
Grid size 0.25km - dimensions: (126, 320)
Grid size 0.25km - Lat bins: 128, Lon bins: 322
Plot saved to: C:\insar_gnss_data\plots\grid_amplitude_analysis_250.png
Processing grid size: 0.5 km
Grid size 0.5km - dimensions: (64, 161)
Grid size 0.5km - Lat bins: 65, Lon bins: 162
Plot saved to: C:\insar_gnss_data\plots\grid_amplitude_analysis_500.png
Processing grid size: 1.0 km
Grid size 1.0km - dimensions: (32, 81)
Grid size 1.0km - Lat bins: 33, Lon bins: 82
Plot saved to: C:\insar_gnss_data\plots\grid_amplitude_analysis_1000.png
Processing grid size: 1.5 km
Grid size 1.5km - dimensions: (22, 54)
Grid size 1.5km - Lat bins: 23, Lon bins: 55
Plot saved to: C:\insar_gnss_data\plots\grid_amplitude_analysis_1500.png
Processing grid size: 2.5 km
Grid size 2.5km - dimensions: (13, 33)
Grid size 2.5km - Lat bins: 14, Lon bins: 34
Plot saved to: C:\insar_gnss_data\plots\grid_amplitude_analysis_2500.png
Processing grid size: 5.0 km
Grid size 5.0km - dimensions: (7, 17)
Grid size 5.0km - Lat bins: 8, Lon bins: 18
Plot saved to: C:\insar_gnss_data\plots\grid_amplitude_analysis_5000.png
Multi-resolution comparison plot saved to: C:\insar_gnss_data\plots\multi_resolution_comparison.png
Statistical comparison plot saved to: C:\insar_gnss_data\plots\amplitude_statistics_comparison.png

--------------------------------------------------
Running gnss_3d_vels.py...
Processing GNSS data for station 0512...
Plot saved: C:\insar_gnss_data\plots\displacement_plot_0512.png
Processing GNSS data for station 0513...
Plot saved: C:\insar_gnss_data\plots\displacement_plot_0513.png
Processing GNSS data for station buhz...
Plot saved: C:\insar_gnss_data\plots\displacement_plot_buhz.png
Processing GNSS data for station glee...
Plot saved: C:\insar_gnss_data\plots\displacement_plot_glee.png
Parameters saved to C:\insar_gnss_data\parameters.csv

--------------------------------------------------
Running remove_gnss_rotation.py...
Rotation vector saved to C:\insar_gnss_data\rotation_vector_omega.txt
Velocity vector map saved to C:\insar_gnss_data\plots\net_rotation_correction_map.png
Time series plot saved to C:\insar_gnss_data\plots\displacement_plot_0512_NNR_comparison.png
Corrected GNSS file saved to C:\insar_gnss_data\0512_NEU_TIME_no_tide_NNR.txt
Time series plot saved to C:\insar_gnss_data\plots\displacement_plot_0513_NNR_comparison.png
Corrected GNSS file saved to C:\insar_gnss_data\0513_NEU_TIME_no_tide_NNR.txt
Time series plot saved to C:\insar_gnss_data\plots\displacement_plot_buhz_NNR_comparison.png
Corrected GNSS file saved to C:\insar_gnss_data\buhz_NEU_TIME_no_tide_NNR.txt
Time series plot saved to C:\insar_gnss_data\plots\displacement_plot_glee_NNR_comparison.png
Corrected GNSS file saved to C:\insar_gnss_data\glee_NEU_TIME_no_tide_NNR.txt
Net rotation removed and updated parameters saved to C:\insar_gnss_data\parameters.csv
GNSS displacement time series corrected for net rotation.

--------------------------------------------------
Running filter_insar_save_parameters.py...
Saved 902 points for 0512 to C:\insar_gnss_data\INSAR_0512_filtered.csv
Saved 880 points for 0513 to C:\insar_gnss_data\INSAR_0513_filtered.csv
Saved 93 points for buhz to C:\insar_gnss_data\INSAR_buhz_filtered.csv
Saved 42 points for glee to C:\insar_gnss_data\INSAR_glee_filtered.csv

--------------------------------------------------
Running fit_plane_correct_insar.py...
Processing GNSS and InSAR alignment in C:\insar_gnss_data...
LOS magnitude differences added to C:\insar_gnss_data\parameters.csv
Plane coefficients added to C:\insar_gnss_data\parameters.csv
Aligned InSAR data saved to C:\insar_gnss_data\EGMS_L2a_088_0297_IW3_VV_2019_2023_1_A_aligned.csv
Spatial correction plot saved: C:\insar_gnss_data\plots\spatial_correction.png
InSAR alignment completed successfully!

--------------------------------------------------
Running gnss_los_displ.py...
Using NNR-corrected files: True
Using LOS components - East: -0.675553486456824, North: -0.10996553170644616, Up: 0.7290579049092671
Processing station 0512...
LOS values calculated and saved to C:\insar_gnss_data\0512_NEU_TIME_no_tide_NNR_LOS.txt
Processing station 0513...
LOS values calculated and saved to C:\insar_gnss_data\0513_NEU_TIME_no_tide_NNR_LOS.txt
Processing station buhz...
LOS values calculated and saved to C:\insar_gnss_data\buhz_NEU_TIME_no_tide_NNR_LOS.txt
Processing station glee...
LOS values calculated and saved to C:\insar_gnss_data\glee_NEU_TIME_no_tide_NNR_LOS.txt
All stations processed successfully.

--------------------------------------------------
Running plot_combined_time_series.py...
Using NNR-corrected files: True
Using NNR-corrected files: True
Using NNR-corrected files: True
Using NNR-corrected files: True
Using NNR-corrected files: True
Using NNR-corrected files: True
Using NNR-corrected files: True
Using NNR-corrected files: True
Using NNR-corrected files: True
Using NNR-corrected files: True
Using NNR-corrected files: True
Using NNR-corrected files: True
Using NNR-corrected files: True
Using NNR-corrected files: True
Using NNR-corrected files: True
Using NNR-corrected files: True
Using NNR-corrected files: True
Using NNR-corrected files: True
Using NNR-corrected files: True
Using NNR-corrected files: True
Using NNR-corrected files: True
Using NNR-corrected files: True
Using NNR-corrected files: True
Using NNR-corrected files: True
Using NNR-corrected files: True
Using NNR-corrected files: True
Using NNR-corrected files: True
Using NNR-corrected files: True
Using NNR-corrected files: True
Using NNR-corrected files: True
Using NNR-corrected files: True
Using NNR-corrected files: True
Using NNR-corrected files: True
Using NNR-corrected files: True
Using NNR-corrected files: True
Using NNR-corrected files: True
Using NNR-corrected files: True
Loading data for all plots...
Filtering InSAR data by temporal coherence threshold...

=== Generating time series plots ===
Loading InSAR data for time series plots...
Filtering InSAR data by temporal coherence threshold...
Creating time series plots for 4 stations...
Processing batch 1/1 (stations 1-4)
Combined time series plot saved for station 0512: C:\insar_gnss_data\plots\0512_combined_plot.png
Combined time series plot saved for station 0513: C:\insar_gnss_data\plots\0513_combined_plot.png
Combined time series plot saved for station buhz: C:\insar_gnss_data\plots\buhz_combined_plot.png
Combined time series plot saved for station glee: C:\insar_gnss_data\plots\glee_combined_plot.png
Time series plots completed in 59.63 seconds
Time series plots completed in 59.87 seconds

=== Generating global velocity map ===
Velocity map with correction saved: C:\insar_gnss_data\plots\combined_velocity_map_with_correction.png
Global velocity map completed in 30.08 seconds

=== Generating station velocity maps ===
Creating velocity maps for 4 stations...
Processing batch 1/1 (stations 1-4)
Velocity map saved for station 0512: C:\insar_gnss_data\plots\0512_velocity_map.png
Velocity map saved for station 0513: C:\insar_gnss_data\plots\0513_velocity_map.png
Velocity map saved for station buhz: C:\insar_gnss_data\plots\buhz_velocity_map.png
Velocity map saved for station glee: C:\insar_gnss_data\plots\glee_velocity_map.png
Station velocity maps completed in 19.12 seconds
Station velocity maps completed in 19.12 seconds

All plots were successfully saved in 'C:\insar_gnss_data\plots'
Total execution time: 143.29 seconds (2.39 minutes)

--------------------------------------------------
Running grid_amplitude_analysis.py...
Processing grid size: 0.25 km
Grid size 0.25km - dimensions: (126, 320)
Grid size 0.25km - Lat bins: 128, Lon bins: 322
Plot saved to: C:\insar_gnss_data\plots\grid_amplitude_analysis_250.png
Processing grid size: 0.5 km
Grid size 0.5km - dimensions: (64, 161)
Grid size 0.5km - Lat bins: 65, Lon bins: 162
Plot saved to: C:\insar_gnss_data\plots\grid_amplitude_analysis_500.png
Processing grid size: 1.0 km
Grid size 1.0km - dimensions: (32, 81)
Grid size 1.0km - Lat bins: 33, Lon bins: 82
Plot saved to: C:\insar_gnss_data\plots\grid_amplitude_analysis_1000.png
Processing grid size: 1.5 km
Grid size 1.5km - dimensions: (22, 54)
Grid size 1.5km - Lat bins: 23, Lon bins: 55
Plot saved to: C:\insar_gnss_data\plots\grid_amplitude_analysis_1500.png
Processing grid size: 2.5 km
Grid size 2.5km - dimensions: (13, 33)
Grid size 2.5km - Lat bins: 14, Lon bins: 34
Plot saved to: C:\insar_gnss_data\plots\grid_amplitude_analysis_2500.png
Processing grid size: 5.0 km
Grid size 5.0km - dimensions: (7, 17)
Grid size 5.0km - Lat bins: 8, Lon bins: 18
Plot saved to: C:\insar_gnss_data\plots\grid_amplitude_analysis_5000.png
Multi-resolution comparison plot saved to: C:\insar_gnss_data\plots\multi_resolution_comparison.png
Statistical comparison plot saved to: C:\insar_gnss_data\plots\amplitude_statistics_comparison.png

--------------------------------------------------
Running gnss_3d_vels.py...
Processing GNSS data for station 0512...
Plot saved: C:\insar_gnss_data\plots\displacement_plot_0512.png
Processing GNSS data for station 0513...
Plot saved: C:\insar_gnss_data\plots\displacement_plot_0513.png
Processing GNSS data for station buhz...
Plot saved: C:\insar_gnss_data\plots\displacement_plot_buhz.png
Processing GNSS data for station glee...
Plot saved: C:\insar_gnss_data\plots\displacement_plot_glee.png
Parameters saved to C:\insar_gnss_data\parameters.csv

--------------------------------------------------
Running remove_gnss_rotation.py...
Rotation vector saved to C:\insar_gnss_data\rotation_vector_omega.txt
Velocity vector map saved to C:\insar_gnss_data\plots\net_rotation_correction_map.png
Time series plot saved to C:\insar_gnss_data\plots\displacement_plot_0512_NNR_comparison.png
Corrected GNSS file saved to C:\insar_gnss_data\0512_NEU_TIME_no_tide_NNR.txt
Time series plot saved to C:\insar_gnss_data\plots\displacement_plot_0513_NNR_comparison.png
Corrected GNSS file saved to C:\insar_gnss_data\0513_NEU_TIME_no_tide_NNR.txt
Time series plot saved to C:\insar_gnss_data\plots\displacement_plot_buhz_NNR_comparison.png
Corrected GNSS file saved to C:\insar_gnss_data\buhz_NEU_TIME_no_tide_NNR.txt
Time series plot saved to C:\insar_gnss_data\plots\displacement_plot_glee_NNR_comparison.png
Corrected GNSS file saved to C:\insar_gnss_data\glee_NEU_TIME_no_tide_NNR.txt
Net rotation removed and updated parameters saved to C:\insar_gnss_data\parameters.csv
GNSS displacement time series corrected for net rotation.

--------------------------------------------------
Running filter_insar_save_parameters.py...
Saved 902 points for 0512 to C:\insar_gnss_data\INSAR_0512_filtered.csv
Saved 880 points for 0513 to C:\insar_gnss_data\INSAR_0513_filtered.csv
Saved 93 points for buhz to C:\insar_gnss_data\INSAR_buhz_filtered.csv
Saved 42 points for glee to C:\insar_gnss_data\INSAR_glee_filtered.csv

--------------------------------------------------
Running fit_plane_correct_insar.py...
Processing GNSS and InSAR alignment in C:\insar_gnss_data...
LOS magnitude differences added to C:\insar_gnss_data\parameters.csv
Plane coefficients added to C:\insar_gnss_data\parameters.csv
Aligned InSAR data saved to C:\insar_gnss_data\EGMS_L2a_088_0297_IW3_VV_2019_2023_1_A_aligned.csv
Spatial correction plot saved: C:\insar_gnss_data\plots\spatial_correction.png
InSAR alignment completed successfully!

--------------------------------------------------
Running gnss_los_displ.py...
Using NNR-corrected files: True
Using LOS components - East: -0.675553486456824, North: -0.10996553170644616, Up: 0.7290579049092671
Processing station 0512...
LOS values calculated and saved to C:\insar_gnss_data\0512_NEU_TIME_no_tide_NNR_LOS.txt
Processing station 0513...
LOS values calculated and saved to C:\insar_gnss_data\0513_NEU_TIME_no_tide_NNR_LOS.txt
Processing station buhz...
LOS values calculated and saved to C:\insar_gnss_data\buhz_NEU_TIME_no_tide_NNR_LOS.txt
Processing station glee...
LOS values calculated and saved to C:\insar_gnss_data\glee_NEU_TIME_no_tide_NNR_LOS.txt
All stations processed successfully.

--------------------------------------------------
Running plot_combined_time_series.py...
Using NNR-corrected files: True
Using NNR-corrected files: True
Using NNR-corrected files: True
Using NNR-corrected files: True
Using NNR-corrected files: True
Using NNR-corrected files: True
Using NNR-corrected files: True
Using NNR-corrected files: True
Using NNR-corrected files: True
Using NNR-corrected files: True
Using NNR-corrected files: True
Using NNR-corrected files: True
Using NNR-corrected files: True
Using NNR-corrected files: True
Using NNR-corrected files: True
Using NNR-corrected files: True
Using NNR-corrected files: True
Using NNR-corrected files: True
Using NNR-corrected files: True
Using NNR-corrected files: True
Using NNR-corrected files: True
Using NNR-corrected files: True
Using NNR-corrected files: True
Using NNR-corrected files: True
Using NNR-corrected files: True
Using NNR-corrected files: True
Using NNR-corrected files: True
Using NNR-corrected files: True
Using NNR-corrected files: True
Using NNR-corrected files: True
Using NNR-corrected files: True
Using NNR-corrected files: True
Using NNR-corrected files: True
Using NNR-corrected files: True
Using NNR-corrected files: True
Using NNR-corrected files: True
Using NNR-corrected files: True
Loading data for all plots...
Filtering InSAR data by temporal coherence threshold...

=== Generating time series plots ===
Loading InSAR data for time series plots...
Filtering InSAR data by temporal coherence threshold...
Creating time series plots for 4 stations...
Processing batch 1/1 (stations 1-4)
Combined time series plot saved for station 0512: C:\insar_gnss_data\plots\0512_combined_plot.png
Combined time series plot saved for station 0513: C:\insar_gnss_data\plots\0513_combined_plot.png
Combined time series plot saved for station buhz: C:\insar_gnss_data\plots\buhz_combined_plot.png
Combined time series plot saved for station glee: C:\insar_gnss_data\plots\glee_combined_plot.png
Time series plots completed in 61.45 seconds
Time series plots completed in 61.69 seconds

=== Generating global velocity map ===
Velocity map with correction saved: C:\insar_gnss_data\plots\combined_velocity_map_with_correction.png
Global velocity map completed in 30.57 seconds

=== Generating station velocity maps ===
Creating velocity maps for 4 stations...
Processing batch 1/1 (stations 1-4)
Velocity map saved for station 0512: C:\insar_gnss_data\plots\0512_velocity_map.png
Velocity map saved for station 0513: C:\insar_gnss_data\plots\0513_velocity_map.png
Velocity map saved for station buhz: C:\insar_gnss_data\plots\buhz_velocity_map.png
Velocity map saved for station glee: C:\insar_gnss_data\plots\glee_velocity_map.png
Station velocity maps completed in 19.03 seconds
Station velocity maps completed in 19.03 seconds

All plots were successfully saved in 'C:\insar_gnss_data\plots'
Total execution time: 145.90 seconds (2.43 minutes)

--------------------------------------------------
Running grid_amplitude_analysis.py...
Processing grid size: 0.25 km
Grid size 0.25km - dimensions: (126, 320)
Grid size 0.25km - Lat bins: 128, Lon bins: 322
Plot saved to: C:\insar_gnss_data\plots\grid_amplitude_analysis_250.png
Processing grid size: 0.5 km
Grid size 0.5km - dimensions: (64, 161)
Grid size 0.5km - Lat bins: 65, Lon bins: 162
Plot saved to: C:\insar_gnss_data\plots\grid_amplitude_analysis_500.png
Processing grid size: 1.0 km
Grid size 1.0km - dimensions: (32, 81)
Grid size 1.0km - Lat bins: 33, Lon bins: 82
Plot saved to: C:\insar_gnss_data\plots\grid_amplitude_analysis_1000.png
Processing grid size: 1.5 km
Grid size 1.5km - dimensions: (22, 54)
Grid size 1.5km - Lat bins: 23, Lon bins: 55
Plot saved to: C:\insar_gnss_data\plots\grid_amplitude_analysis_1500.png
Processing grid size: 2.5 km
Grid size 2.5km - dimensions: (13, 33)
Grid size 2.5km - Lat bins: 14, Lon bins: 34
Plot saved to: C:\insar_gnss_data\plots\grid_amplitude_analysis_2500.png
Processing grid size: 5.0 km
Grid size 5.0km - dimensions: (7, 17)
Grid size 5.0km - Lat bins: 8, Lon bins: 18
Plot saved to: C:\insar_gnss_data\plots\grid_amplitude_analysis_5000.png
Multi-resolution comparison plot saved to: C:\insar_gnss_data\plots\multi_resolution_comparison.png
Statistical comparison plot saved to: C:\insar_gnss_data\plots\amplitude_statistics_comparison.png

--------------------------------------------------
